emacs does not support X; running in terminal mode
International Allegro CL Enterprise Edition
10.0 [64-bit Mac OS X (Intel) *SMP*] (Feb 2, 2016 19:02)
Copyright (C) 1985-2015, Franz Inc., Oakland, CA, USA.  All Rights Reserved.

This dynamic runtime copy of Allegro CL was built by:
   [TC21719] SRI International

;; Optimization settings: safety 1, space 1, speed 3, debug 1.
;; For a complete description of all compiler switches given the
;; current optimization settings evaluate (explain-compiler-settings).
;;---
;; Current reader case mode: :case-sensitive-lower
; Fast loading
;    /Users/Dependable/Tools/pvs/pvs-patches/patch-20160316.n64fasl

*** 
*** top (9:54:53 5/25/2016)
*** Generated by proveit - ProofLite-6.0.10 (xx/xx/xx)
*** 
Context changed to /Users/Dependable/Tools/PVS-lib/ext2/
Parsing top
top parsed in 0.02 seconds
Typechecking top
Parsing lookup_table_aux
lookup_table_aux parsed in 0.04 seconds
Typechecking lookup_table_aux

 In declaration lookup_table:
  added conversion finseq_appl[entryPair]
             
  to A, converting
     fs: finseq[entryPair]
  to [below[length(fs)] -> entryPair]


 In declaration lookup_table:
  added conversion finseq_appl[entryPair]
             
  to A, converting
     fs: finseq[entryPair]
  to [below[length(fs)] -> entryPair]


 In declaration interval:
  added conversion finseq_appl[entryPair]
             
  to tbl, converting
     fs: finseq[entryPair]
  to [below[length(fs)] -> entryPair]


 In declaration interval:
  added conversion finseq_appl[entryPair]
             
  to tbl, converting
     fs: finseq[entryPair]
  to [below[length(fs)] -> entryPair]


 In declaration index:
  added conversion finseq_appl[entryPair]
             
  to tbl, converting
     fs: finseq[entryPair]
  to [below[length(fs)] -> entryPair]


 In declaration index:
  added conversion finseq_appl[entryPair]
             
  to tbl, converting
     fs: finseq[entryPair]
  to [below[length(fs)] -> entryPair]


 In declaration index:
  added conversion finseq_appl[entryPair]
             
  to tbl, converting
     fs: finseq[entryPair]
  to [below[length(fs)] -> entryPair]


 In declaration index:
  added conversion finseq_appl[entryPair]
             
  to tbl, converting
     fs: finseq[entryPair]
  to [below[length(fs)] -> entryPair]


 LET/WHERE variable midd at line 49, col 16 is given type
  {j |
     2 * j <= hi - lo AND
      hi - lo <= 1 + 2 * j} from its value expression.


 In declaration search:
  added conversion finseq_appl[entryPair]
             
  to tbl, converting
     fs: finseq[entryPair]
  to [below[length(fs)] -> entryPair]


 In declaration search:
  added conversion finseq_appl[entryPair]
             
  to tbl, converting
     fs: finseq[entryPair]
  to [below[length(fs)] -> entryPair]


 In declaration search:
  added conversion finseq_appl[entryPair]
             
  to tbl, converting
     fs: finseq[entryPair]
  to [below[length(fs)] -> entryPair]

lookup_table_aux typechecked in 2.33s: 34 TCCs, 0 proved, 10 subsumed, 24 unproved; 11 conversions; 1 msg
Parsing lookup_table_1d
lookup_table_1d parsed in 0.02 seconds
Typechecking lookup_table_1d

 In declaration interpolate:
  added conversion finseq_appl[entryPair[real]]
             
  to tbl, converting
     fs: finseq[entryPair[real]]
  to [below[length(fs)] -> entryPair[real]]


 In declaration interpolate:
  added conversion finseq_appl[entryPair[real]]
             
  to tbl, converting
     fs: finseq[entryPair[real]]
  to [below[length(fs)] -> entryPair[real]]


 In declaration interpolate:
  added conversion finseq_appl[entryPair[real]]
             
  to tbl, converting
     fs: finseq[entryPair[real]]
  to [below[length(fs)] -> entryPair[real]]


 In declaration interpolate:
  added conversion finseq_appl[entryPair[real]]
             
  to tbl, converting
     fs: finseq[entryPair[real]]
  to [below[length(fs)] -> entryPair[real]]


 In declaration interpolate:
  added conversion finseq_appl[entryPair[real]]
             
  to tbl, converting
     fs: finseq[entryPair[real]]
  to [below[length(fs)] -> entryPair[real]]


 In declaration interpolate:
  added conversion finseq_appl[entryPair[real]]
             
  to tbl, converting
     fs: finseq[entryPair[real]]
  to [below[length(fs)] -> entryPair[real]]


 In declaration interpolate:
  added conversion finseq_appl[entryPair[real]]
             
  to tbl, converting
     fs: finseq[entryPair[real]]
  to [below[length(fs)] -> entryPair[real]]


 In declaration interpolate:
  added conversion finseq_appl[entryPair[real]]
             
  to tbl, converting
     fs: finseq[entryPair[real]]
  to [below[length(fs)] -> entryPair[real]]


 LET/WHERE variable i at line 26, col 32 is given type
  nat from a preceding variable declaration.


 In declaration fn_helper:
  added conversion finseq_appl[entryPair[real]]
             
  to tbl, converting
     fs: finseq[entryPair[real]]
  to [below[length(fs)] -> entryPair[real]]


 In declaration fn_helper:
  added conversion finseq_appl[entryPair[real]]
             
  to tbl, converting
     fs: finseq[entryPair[real]]
  to [below[length(fs)] -> entryPair[real]]


 In declaration min:
  added conversion finseq_appl[entryPair[real]]
             
  to tbl, converting
     fs: finseq[entryPair[real]]
  to [below[length(fs)] -> entryPair[real]]


 In declaration min:
  added conversion finseq_appl[entryPair[real]]
             
  to tbl, converting
     fs: finseq[entryPair[real]]
  to [below[length(fs)] -> entryPair[real]]


 In declaration max:
  added conversion finseq_appl[entryPair[real]]
             
  to tbl, converting
     fs: finseq[entryPair[real]]
  to [below[length(fs)] -> entryPair[real]]


 In declaration max:
  added conversion finseq_appl[entryPair[real]]
             
  to tbl, converting
     fs: finseq[entryPair[real]]
  to [below[length(fs)] -> entryPair[real]]

lookup_table_1d typechecked in 0.52s: 17 TCCs, 0 proved, 5 subsumed, 12 unproved; 14 conversions; 1 msg
Parsing lookup_table_2d
lookup_table_2d parsed in 0.03 seconds
Typechecking lookup_table_2d

 In declaration interpolate:
  added conversion finseq_appl[entryPair[table_1d]]
             
  to tbl, converting
     fs: finseq[entryPair[table_1d]]
  to [below[length(fs)] -> entryPair[table_1d]]


 LET/WHERE variable x1 at line 23, col 13 is given type
  real from its value expression.


 In declaration interpolate:
  added conversion finseq_appl[entryPair[table_1d]]
             
  to tbl, converting
     fs: finseq[entryPair[table_1d]]
  to [below[length(fs)] -> entryPair[table_1d]]


 LET/WHERE variable x2 at line 24, col 13 is given type
  real from its value expression.


 In declaration interpolate:
  added conversion finseq_appl[entryPair[table_1d]]
             
  to tbl, converting
     fs: finseq[entryPair[table_1d]]
  to [below[length(fs)] -> entryPair[table_1d]]


 LET/WHERE variable z1 at line 25, col 13 is given type
  real from its value expression.


 In declaration interpolate:
  added conversion finseq_appl[entryPair[table_1d]]
             
  to tbl, converting
     fs: finseq[entryPair[table_1d]]
  to [below[length(fs)] -> entryPair[table_1d]]


 LET/WHERE variable z2 at line 26, col 13 is given type
  real from its value expression.


 In declaration interpolate:
  added conversion finseq_appl[entryPair[table_1d]]
             
  to tbl, converting
     fs: finseq[entryPair[table_1d]]
  to [below[length(fs)] -> entryPair[table_1d]]


 In declaration interpolate:
  added conversion finseq_appl[entryPair[table_1d]]
             
  to tbl, converting
     fs: finseq[entryPair[table_1d]]
  to [below[length(fs)] -> entryPair[table_1d]]


 In declaration interpolate:
  added conversion finseq_appl[entryPair[table_1d]]
             
  to tbl, converting
     fs: finseq[entryPair[table_1d]]
  to [below[length(fs)] -> entryPair[table_1d]]


 In declaration interpolate:
  added conversion finseq_appl[entryPair[table_1d]]
             
  to tbl, converting
     fs: finseq[entryPair[table_1d]]
  to [below[length(fs)] -> entryPair[table_1d]]


 In declaration interpolate:
  added conversion finseq_appl[entryPair[table_1d]]
             
  to tbl, converting
     fs: finseq[entryPair[table_1d]]
  to [below[length(fs)] -> entryPair[table_1d]]


 In declaration interpolate:
  added conversion finseq_appl[entryPair[table_1d]]
             
  to tbl, converting
     fs: finseq[entryPair[table_1d]]
  to [below[length(fs)] -> entryPair[table_1d]]


 LET/WHERE variable i at line 31, col 10 is given type
  nat from a preceding variable declaration.


 LET/WHERE variable x at line 35, col 10 is given type
  real from a preceding variable declaration.


 In declaration fn_helper:
  added conversion finseq_appl[entryPair[table_1d]]
             
  to tbl, converting
     fs: finseq[entryPair[table_1d]]
  to [below[length(fs)] -> entryPair[table_1d]]


 In declaration min:
  added conversion finseq_appl[entryPair[table_1d]]
             
  to tbl, converting
     fs: finseq[entryPair[table_1d]]
  to [below[length(fs)] -> entryPair[table_1d]]


 In declaration min:
  added conversion finseq_appl[entryPair[table_1d]]
             
  to tbl, converting
     fs: finseq[entryPair[table_1d]]
  to [below[length(fs)] -> entryPair[table_1d]]


 In declaration min:
  added conversion finseq_appl[entryPair[real]]
             
  to tbl(i)`rhs, converting
     fs: finseq[entryPair[real]]
  to [below[length(fs)] -> entryPair[real]]


 In declaration min:
  added conversion finseq_appl[entryPair[table_1d]]
             
  to tbl, converting
     fs: finseq[entryPair[table_1d]]
  to [below[length(fs)] -> entryPair[table_1d]]


 In declaration min:
  added conversion finseq_appl[entryPair[table_1d]]
             
  to tbl, converting
     fs: finseq[entryPair[table_1d]]
  to [below[length(fs)] -> entryPair[table_1d]]


 In declaration min:
  added conversion finseq_appl[entryPair[table_1d]]
             
  to tbl, converting
     fs: finseq[entryPair[table_1d]]
  to [below[length(fs)] -> entryPair[table_1d]]


 In declaration min:
  added conversion finseq_appl[entryPair[real]]
             
  to tbl(i)`rhs, converting
     fs: finseq[entryPair[real]]
  to [below[length(fs)] -> entryPair[real]]


 In declaration min:
  added conversion finseq_appl[entryPair[table_1d]]
             
  to tbl, converting
     fs: finseq[entryPair[table_1d]]
  to [below[length(fs)] -> entryPair[table_1d]]


 In declaration min:
  added conversion finseq_appl[entryPair[table_1d]]
             
  to tbl, converting
     fs: finseq[entryPair[table_1d]]
  to [below[length(fs)] -> entryPair[table_1d]]


 In declaration min:
  added conversion finseq_appl[entryPair[table_1d]]
             
  to tbl, converting
     fs: finseq[entryPair[table_1d]]
  to [below[length(fs)] -> entryPair[table_1d]]


 In declaration max:
  added conversion finseq_appl[entryPair[table_1d]]
             
  to tbl, converting
     fs: finseq[entryPair[table_1d]]
  to [below[length(fs)] -> entryPair[table_1d]]


 In declaration max:
  added conversion finseq_appl[entryPair[table_1d]]
             
  to tbl, converting
     fs: finseq[entryPair[table_1d]]
  to [below[length(fs)] -> entryPair[table_1d]]


 In declaration max:
  added conversion finseq_appl[entryPair[real]]
             
  to tbl(i)`rhs, converting
     fs: finseq[entryPair[real]]
  to [below[length(fs)] -> entryPair[real]]


 In declaration max:
  added conversion finseq_appl[entryPair[table_1d]]
             
  to tbl, converting
     fs: finseq[entryPair[table_1d]]
  to [below[length(fs)] -> entryPair[table_1d]]


 In declaration max:
  added conversion finseq_appl[entryPair[table_1d]]
             
  to tbl, converting
     fs: finseq[entryPair[table_1d]]
  to [below[length(fs)] -> entryPair[table_1d]]


 In declaration max:
  added conversion finseq_appl[entryPair[table_1d]]
             
  to tbl, converting
     fs: finseq[entryPair[table_1d]]
  to [below[length(fs)] -> entryPair[table_1d]]


 In declaration max:
  added conversion finseq_appl[entryPair[real]]
             
  to tbl(i)`rhs, converting
     fs: finseq[entryPair[real]]
  to [below[length(fs)] -> entryPair[real]]


 In declaration max:
  added conversion finseq_appl[entryPair[table_1d]]
             
  to tbl, converting
     fs: finseq[entryPair[table_1d]]
  to [below[length(fs)] -> entryPair[table_1d]]


 In declaration max:
  added conversion finseq_appl[entryPair[table_1d]]
             
  to tbl, converting
     fs: finseq[entryPair[table_1d]]
  to [below[length(fs)] -> entryPair[table_1d]]


 In declaration max:
  added conversion finseq_appl[entryPair[table_1d]]
             
  to tbl, converting
     fs: finseq[entryPair[table_1d]]
  to [below[length(fs)] -> entryPair[table_1d]]

lookup_table_2d typechecked in 0.86s: 20 TCCs, 0 proved, 6 subsumed, 14 unproved; 31 conversions; 6 msgs
Parsing lookup_table_3d
lookup_table_3d parsed in 0.03 seconds
Typechecking lookup_table_3d

 In declaration interpolate:
  added conversion finseq_appl[entryPair[table_2d]]
             
  to tbl, converting
     fs: finseq[entryPair[table_2d]]
  to [below[length(fs)] -> entryPair[table_2d]]


 LET/WHERE variable x1 at line 23, col 13 is given type
  real from its value expression.


 In declaration interpolate:
  added conversion finseq_appl[entryPair[table_2d]]
             
  to tbl, converting
     fs: finseq[entryPair[table_2d]]
  to [below[length(fs)] -> entryPair[table_2d]]


 LET/WHERE variable x2 at line 24, col 13 is given type
  real from its value expression.


 In declaration interpolate:
  added conversion finseq_appl[entryPair[table_2d]]
             
  to tbl, converting
     fs: finseq[entryPair[table_2d]]
  to [below[length(fs)] -> entryPair[table_2d]]


 LET/WHERE variable z1 at line 25, col 13 is given type
  real from its value expression.


 In declaration interpolate:
  added conversion finseq_appl[entryPair[table_2d]]
             
  to tbl, converting
     fs: finseq[entryPair[table_2d]]
  to [below[length(fs)] -> entryPair[table_2d]]


 LET/WHERE variable z2 at line 26, col 13 is given type
  real from its value expression.


 In declaration interpolate:
  added conversion finseq_appl[entryPair[table_2d]]
             
  to tbl, converting
     fs: finseq[entryPair[table_2d]]
  to [below[length(fs)] -> entryPair[table_2d]]


 In declaration interpolate:
  added conversion finseq_appl[entryPair[table_2d]]
             
  to tbl, converting
     fs: finseq[entryPair[table_2d]]
  to [below[length(fs)] -> entryPair[table_2d]]


 In declaration interpolate:
  added conversion finseq_appl[entryPair[table_2d]]
             
  to tbl, converting
     fs: finseq[entryPair[table_2d]]
  to [below[length(fs)] -> entryPair[table_2d]]


 In declaration interpolate:
  added conversion finseq_appl[entryPair[table_2d]]
             
  to tbl, converting
     fs: finseq[entryPair[table_2d]]
  to [below[length(fs)] -> entryPair[table_2d]]


 In declaration interpolate:
  added conversion finseq_appl[entryPair[table_2d]]
             
  to tbl, converting
     fs: finseq[entryPair[table_2d]]
  to [below[length(fs)] -> entryPair[table_2d]]


 In declaration interpolate:
  added conversion finseq_appl[entryPair[table_2d]]
             
  to tbl, converting
     fs: finseq[entryPair[table_2d]]
  to [below[length(fs)] -> entryPair[table_2d]]


 LET/WHERE variable i at line 31, col 10 is given type
  nat from a preceding variable declaration.


 LET/WHERE variable x at line 35, col 10 is given type
  real from a preceding variable declaration.


 In declaration fn_helper:
  added conversion finseq_appl[entryPair[table_2d]]
             
  to tbl, converting
     fs: finseq[entryPair[table_2d]]
  to [below[length(fs)] -> entryPair[table_2d]]


 In declaration min:
  added conversion finseq_appl[entryPair[table_2d]]
             
  to tbl, converting
     fs: finseq[entryPair[table_2d]]
  to [below[length(fs)] -> entryPair[table_2d]]


 In declaration min:
  added conversion finseq_appl[entryPair[table_2d]]
             
  to tbl, converting
     fs: finseq[entryPair[table_2d]]
  to [below[length(fs)] -> entryPair[table_2d]]


 In declaration min:
  added conversion finseq_appl[entryPair[table_1d]]
             
  to tbl(i)`rhs, converting
     fs: finseq[entryPair[table_1d]]
  to [below[length(fs)] -> entryPair[table_1d]]


 In declaration min:
  added conversion finseq_appl[entryPair[table_2d]]
             
  to tbl, converting
     fs: finseq[entryPair[table_2d]]
  to [below[length(fs)] -> entryPair[table_2d]]


 In declaration min:
  added conversion finseq_appl[entryPair[table_1d]]
             
  to tbl(i)`rhs, converting
     fs: finseq[entryPair[table_1d]]
  to [below[length(fs)] -> entryPair[table_1d]]


 In declaration min:
  added conversion finseq_appl[entryPair[table_2d]]
             
  to tbl, converting
     fs: finseq[entryPair[table_2d]]
  to [below[length(fs)] -> entryPair[table_2d]]


 In declaration min:
  added conversion finseq_appl[entryPair[table_2d]]
             
  to tbl, converting
     fs: finseq[entryPair[table_2d]]
  to [below[length(fs)] -> entryPair[table_2d]]


 In declaration min:
  added conversion finseq_appl[entryPair[table_2d]]
             
  to tbl, converting
     fs: finseq[entryPair[table_2d]]
  to [below[length(fs)] -> entryPair[table_2d]]


 In declaration min:
  added conversion finseq_appl[entryPair[table_1d]]
             
  to tbl(i)`rhs, converting
     fs: finseq[entryPair[table_1d]]
  to [below[length(fs)] -> entryPair[table_1d]]
;;; GC:;;; Finished GC


 In declaration min:
  added conversion finseq_appl[entryPair[table_2d]]
             
  to tbl, converting
     fs: finseq[entryPair[table_2d]]
  to [below[length(fs)] -> entryPair[table_2d]]


 In declaration min:
  added conversion finseq_appl[entryPair[real]]
             
  to finseq_appl(tbl(i)`rhs)(j)`rhs, converting
     fs: finseq[entryPair[real]]
  to [below[length(fs)] -> entryPair[real]]


 In declaration min:
  added conversion finseq_appl[entryPair[table_1d]]
             
  to tbl(i)`rhs, converting
     fs: finseq[entryPair[table_1d]]
  to [below[length(fs)] -> entryPair[table_1d]]


 In declaration min:
  added conversion finseq_appl[entryPair[table_2d]]
             
  to tbl, converting
     fs: finseq[entryPair[table_2d]]
  to [below[length(fs)] -> entryPair[table_2d]]


 In declaration min:
  added conversion finseq_appl[entryPair[table_2d]]
             
  to tbl, converting
     fs: finseq[entryPair[table_2d]]
  to [below[length(fs)] -> entryPair[table_2d]]


 In declaration min:
  added conversion finseq_appl[entryPair[table_2d]]
             
  to tbl, converting
     fs: finseq[entryPair[table_2d]]
  to [below[length(fs)] -> entryPair[table_2d]]


 In declaration min:
  added conversion finseq_appl[entryPair[table_2d]]
             
  to tbl, converting
     fs: finseq[entryPair[table_2d]]
  to [below[length(fs)] -> entryPair[table_2d]]


 In declaration min:
  added conversion finseq_appl[entryPair[table_1d]]
             
  to tbl(i)`rhs, converting
     fs: finseq[entryPair[table_1d]]
  to [below[length(fs)] -> entryPair[table_1d]]


 In declaration min:
  added conversion finseq_appl[entryPair[table_2d]]
             
  to tbl, converting
     fs: finseq[entryPair[table_2d]]
  to [below[length(fs)] -> entryPair[table_2d]]


 In declaration min:
  added conversion finseq_appl[entryPair[table_1d]]
             
  to tbl(i)`rhs, converting
     fs: finseq[entryPair[table_1d]]
  to [below[length(fs)] -> entryPair[table_1d]]


 In declaration min:
  added conversion finseq_appl[entryPair[table_2d]]
             
  to tbl, converting
     fs: finseq[entryPair[table_2d]]
  to [below[length(fs)] -> entryPair[table_2d]]


 In declaration min:
  added conversion finseq_appl[entryPair[table_2d]]
             
  to tbl, converting
     fs: finseq[entryPair[table_2d]]
  to [below[length(fs)] -> entryPair[table_2d]]


 In declaration min:
  added conversion finseq_appl[entryPair[table_2d]]
             
  to tbl, converting
     fs: finseq[entryPair[table_2d]]
  to [below[length(fs)] -> entryPair[table_2d]]


 In declaration min:
  added conversion finseq_appl[entryPair[table_1d]]
             
  to tbl(i)`rhs, converting
     fs: finseq[entryPair[table_1d]]
  to [below[length(fs)] -> entryPair[table_1d]]


 In declaration min:
  added conversion finseq_appl[entryPair[table_2d]]
             
  to tbl, converting
     fs: finseq[entryPair[table_2d]]
  to [below[length(fs)] -> entryPair[table_2d]]


 In declaration min:
  added conversion finseq_appl[entryPair[real]]
             
  to finseq_appl(tbl(i)`rhs)(j)`rhs, converting
     fs: finseq[entryPair[real]]
  to [below[length(fs)] -> entryPair[real]]


 In declaration min:
  added conversion finseq_appl[entryPair[table_1d]]
             
  to tbl(i)`rhs, converting
     fs: finseq[entryPair[table_1d]]
  to [below[length(fs)] -> entryPair[table_1d]]


 In declaration min:
  added conversion finseq_appl[entryPair[table_2d]]
             
  to tbl, converting
     fs: finseq[entryPair[table_2d]]
  to [below[length(fs)] -> entryPair[table_2d]]


 In declaration min:
  added conversion finseq_appl[entryPair[table_2d]]
             
  to tbl, converting
     fs: finseq[entryPair[table_2d]]
  to [below[length(fs)] -> entryPair[table_2d]]


 In declaration min:
  added conversion finseq_appl[entryPair[table_2d]]
             
  to tbl, converting
     fs: finseq[entryPair[table_2d]]
  to [below[length(fs)] -> entryPair[table_2d]]


 In declaration min:
  added conversion finseq_appl[entryPair[table_2d]]
             
  to tbl, converting
     fs: finseq[entryPair[table_2d]]
  to [below[length(fs)] -> entryPair[table_2d]]


 In declaration max:
  added conversion finseq_appl[entryPair[table_2d]]
             
  to tbl, converting
     fs: finseq[entryPair[table_2d]]
  to [below[length(fs)] -> entryPair[table_2d]]


 In declaration max:
  added conversion finseq_appl[entryPair[table_2d]]
             
  to tbl, converting
     fs: finseq[entryPair[table_2d]]
  to [below[length(fs)] -> entryPair[table_2d]]


 In declaration max:
  added conversion finseq_appl[entryPair[table_1d]]
             
  to tbl(i)`rhs, converting
     fs: finseq[entryPair[table_1d]]
  to [below[length(fs)] -> entryPair[table_1d]]


 In declaration max:
  added conversion finseq_appl[entryPair[table_2d]]
             
  to tbl, converting
     fs: finseq[entryPair[table_2d]]
  to [below[length(fs)] -> entryPair[table_2d]]


 In declaration max:
  added conversion finseq_appl[entryPair[table_1d]]
             
  to tbl(i)`rhs, converting
     fs: finseq[entryPair[table_1d]]
  to [below[length(fs)] -> entryPair[table_1d]]


 In declaration max:
  added conversion finseq_appl[entryPair[table_2d]]
             
  to tbl, converting
     fs: finseq[entryPair[table_2d]]
  to [below[length(fs)] -> entryPair[table_2d]]


 In declaration max:
  added conversion finseq_appl[entryPair[table_2d]]
             
  to tbl, converting
     fs: finseq[entryPair[table_2d]]
  to [below[length(fs)] -> entryPair[table_2d]]


 In declaration max:
  added conversion finseq_appl[entryPair[table_2d]]
             
  to tbl, converting
     fs: finseq[entryPair[table_2d]]
  to [below[length(fs)] -> entryPair[table_2d]]


 In declaration max:
  added conversion finseq_appl[entryPair[table_1d]]
             
  to tbl(i)`rhs, converting
     fs: finseq[entryPair[table_1d]]
  to [below[length(fs)] -> entryPair[table_1d]]


 In declaration max:
  added conversion finseq_appl[entryPair[table_2d]]
             
  to tbl, converting
     fs: finseq[entryPair[table_2d]]
  to [below[length(fs)] -> entryPair[table_2d]]


 In declaration max:
  added conversion finseq_appl[entryPair[real]]
             
  to finseq_appl(tbl(i)`rhs)(j)`rhs, converting
     fs: finseq[entryPair[real]]
  to [below[length(fs)] -> entryPair[real]]


 In declaration max:
  added conversion finseq_appl[entryPair[table_1d]]
             
  to tbl(i)`rhs, converting
     fs: finseq[entryPair[table_1d]]
  to [below[length(fs)] -> entryPair[table_1d]]


 In declaration max:
  added conversion finseq_appl[entryPair[table_2d]]
             
  to tbl, converting
     fs: finseq[entryPair[table_2d]]
  to [below[length(fs)] -> entryPair[table_2d]]


 In declaration max:
  added conversion finseq_appl[entryPair[table_2d]]
             
  to tbl, converting
     fs: finseq[entryPair[table_2d]]
  to [below[length(fs)] -> entryPair[table_2d]]


 In declaration max:
  added conversion finseq_appl[entryPair[table_2d]]
             
  to tbl, converting
     fs: finseq[entryPair[table_2d]]
  to [below[length(fs)] -> entryPair[table_2d]]


 In declaration max:
  added conversion finseq_appl[entryPair[table_2d]]
             
  to tbl, converting
     fs: finseq[entryPair[table_2d]]
  to [below[length(fs)] -> entryPair[table_2d]]


 In declaration max:
  added conversion finseq_appl[entryPair[table_1d]]
             
  to tbl(i)`rhs, converting
     fs: finseq[entryPair[table_1d]]
  to [below[length(fs)] -> entryPair[table_1d]]


 In declaration max:
  added conversion finseq_appl[entryPair[table_2d]]
             
  to tbl, converting
     fs: finseq[entryPair[table_2d]]
  to [below[length(fs)] -> entryPair[table_2d]]


 In declaration max:
  added conversion finseq_appl[entryPair[table_1d]]
             
  to tbl(i)`rhs, converting
     fs: finseq[entryPair[table_1d]]
  to [below[length(fs)] -> entryPair[table_1d]]


 In declaration max:
  added conversion finseq_appl[entryPair[table_2d]]
             
  to tbl, converting
     fs: finseq[entryPair[table_2d]]
  to [below[length(fs)] -> entryPair[table_2d]]


 In declaration max:
  added conversion finseq_appl[entryPair[table_2d]]
             
  to tbl, converting
     fs: finseq[entryPair[table_2d]]
  to [below[length(fs)] -> entryPair[table_2d]]


 In declaration max:
  added conversion finseq_appl[entryPair[table_2d]]
             
  to tbl, converting
     fs: finseq[entryPair[table_2d]]
  to [below[length(fs)] -> entryPair[table_2d]]


 In declaration max:
  added conversion finseq_appl[entryPair[table_1d]]
             
  to tbl(i)`rhs, converting
     fs: finseq[entryPair[table_1d]]
  to [below[length(fs)] -> entryPair[table_1d]]


 In declaration max:
  added conversion finseq_appl[entryPair[table_2d]]
             
  to tbl, converting
     fs: finseq[entryPair[table_2d]]
  to [below[length(fs)] -> entryPair[table_2d]]


 In declaration max:
  added conversion finseq_appl[entryPair[real]]
             
  to finseq_appl(tbl(i)`rhs)(j)`rhs, converting
     fs: finseq[entryPair[real]]
  to [below[length(fs)] -> entryPair[real]]


 In declaration max:
  added conversion finseq_appl[entryPair[table_1d]]
             
  to tbl(i)`rhs, converting
     fs: finseq[entryPair[table_1d]]
  to [below[length(fs)] -> entryPair[table_1d]]


 In declaration max:
  added conversion finseq_appl[entryPair[table_2d]]
             
  to tbl, converting
     fs: finseq[entryPair[table_2d]]
  to [below[length(fs)] -> entryPair[table_2d]]


 In declaration max:
  added conversion finseq_appl[entryPair[table_2d]]
             
  to tbl, converting
     fs: finseq[entryPair[table_2d]]
  to [below[length(fs)] -> entryPair[table_2d]]


 In declaration max:
  added conversion finseq_appl[entryPair[table_2d]]
             
  to tbl, converting
     fs: finseq[entryPair[table_2d]]
  to [below[length(fs)] -> entryPair[table_2d]]


 In declaration max:
  added conversion finseq_appl[entryPair[table_2d]]
             
  to tbl, converting
     fs: finseq[entryPair[table_2d]]
  to [below[length(fs)] -> entryPair[table_2d]]

lookup_table_3d typechecked in 1.94s: 24 TCCs, 0 proved, 9 subsumed, 15 unproved; 71 conversions; 6 msgs
Parsing lookup_table_examples
lookup_table_examples parsed in 0.01 seconds
Typechecking lookup_table_examples

 In declaration t1d:
  added conversion list2finseq[[# lhs: real, rhs: numfield #]]
             
  to (: (# lhs := 2, rhs := 3.2 #),
        (# lhs := 3, rhs := 1.6 #) :), converting
     list[[# lhs: real, rhs: numfield #]]
  to finseq[[# lhs: real, rhs: numfield #]]


 In declaration t1:
  added conversion list2finseq[[# lhs: real, rhs: numfield #]]
             
  to (: (# lhs := 10, rhs := 4.2 #), (# lhs := 20, rhs := 3.1 #),
        (# lhs := 30, rhs := 2.0 #) :), converting
     list[[# lhs: real, rhs: numfield #]]
  to finseq[[# lhs: real, rhs: numfield #]]


 In declaration t2:
  added conversion list2finseq[[# lhs: real, rhs: numfield #]]
             
  to (: (# lhs := 10, rhs := 2.2 #), (# lhs := 20, rhs := 5.1 #),
        (# lhs := 30, rhs := 4.0 #) :), converting
     list[[# lhs: real, rhs: numfield #]]
  to finseq[[# lhs: real, rhs: numfield #]]


 In declaration t2d:
  added conversion list2finseq[[# lhs: numfield, rhs: table_1d #]]
             
  to (: (# lhs := 1.1, rhs := t1 #),
        (# lhs := 1.6, rhs := t2 #) :), converting
     list[[# lhs: numfield, rhs: table_1d #]]
  to finseq[[# lhs: numfield, rhs: table_1d #]]

lookup_table_examples typechecked in 0.26s: 8 TCCs, 0 proved, 4 subsumed, 4 unproved; 4 conversions
top typechecked in 6.07s: No TCCs generated
Saving bin file for theory lookup_table_3d
Saving lookup_table_3d
Saving bin file for theory lookup_table_2d
Saving lookup_table_2d
Saving bin file for theory lookup_table_examples
Saving lookup_table_examples
Saving bin file for theory top
Saving top
Saving bin file for theory lookup_table_aux
Saving lookup_table_aux
Saving bin file for theory lookup_table_1d
Saving lookup_table_1d
Context file /Users/Dependable/Tools/PVS-lib/ext2/.pvscontext written
Proving theory top
Proving theory lookup_table_aux
Rerunning proof of lookup_table_aux.lookup_table_TCC1
lookup_table_aux.lookup_table_TCC1 proved in 0.02 real, 0.02 cpu seconds
Rerunning proof of lookup_table_aux.lookup_table_TCC2
lookup_table_aux.lookup_table_TCC2 proved in 0.00 real, 0.00 cpu seconds
Rerunning proof of lookup_table_aux.half_TCC1
lookup_table_aux.half_TCC1 proved in 0.85 real, 0.85 cpu seconds
Rerunning proof of lookup_table_aux.half_TCC2
lookup_table_aux.half_TCC2 proved in 0.15 real, 0.15 cpu seconds
Rerunning proof of lookup_table_aux.interval_TCC1
lookup_table_aux.interval_TCC1 proved in 0.12 real, 0.12 cpu seconds
Rerunning proof of lookup_table_aux.index_TCC1
lookup_table_aux.index_TCC1 proved in 0.01 real, 0.01 cpu seconds
Rerunning proof of lookup_table_aux.index_TCC2
lookup_table_aux.index_TCC2 proved in 0.02 real, 0.02 cpu seconds
Rerunning proof of lookup_table_aux.index_TCC3
lookup_table_aux.index_TCC3 proved in 0.17 real, 0.17 cpu seconds
Rerunning proof of lookup_table_aux.search_TCC1
lookup_table_aux.search_TCC1 proved in 0.01 real, 0.01 cpu seconds
Rerunning proof of lookup_table_aux.search_TCC2
lookup_table_aux.search_TCC2 proved in 0.02 real, 0.02 cpu seconds
Rerunning proof of lookup_table_aux.search_TCC3
lookup_table_aux.search_TCC3 proved in 0.21 real, 0.21 cpu seconds
Rerunning proof of lookup_table_aux.search_TCC4
lookup_table_aux.search_TCC4 proved in 0.13 real, 0.13 cpu seconds
Rerunning proof of lookup_table_aux.search_TCC5
lookup_table_aux.search_TCC5 proved in 0.58 real, 0.58 cpu seconds
Rerunning proof of lookup_table_aux.search_TCC6
lookup_table_aux.search_TCC6 proved in 0.14 real, 0.14 cpu seconds
Rerunning proof of lookup_table_aux.search_TCC7
lookup_table_aux.search_TCC7 proved in 0.47 real, 0.47 cpu seconds
Rerunning proof of lookup_table_aux.search_TCC8
lookup_table_aux.search_TCC8 proved in 1.17 real, 1.17 cpu seconds
Rerunning proof of lookup_table_aux.search_TCC9
lookup_table_aux.search_TCC9 proved in 0.51 real, 0.51 cpu seconds
Rerunning proof of lookup_table_aux.search_TCC10
lookup_table_aux.search_TCC10 proved in 0.48 real, 0.48 cpu seconds
Rerunning proof of lookup_table_aux.search_TCC11
lookup_table_aux.search_TCC11 proved in 0.13 real, 0.13 cpu seconds
Rerunning proof of lookup_table_aux.search_TCC12
lookup_table_aux.search_TCC12 proved in 0.72 real, 0.72 cpu seconds
Rerunning proof of lookup_table_aux.search_TCC13
lookup_table_aux.search_TCC13 proved in 0.23 real, 0.23 cpu seconds
Rerunning proof of lookup_table_aux.search_TCC14
lookup_table_aux.search_TCC14 proved in 0.14 real, 0.14 cpu seconds
Rerunning proof of lookup_table_aux.find_TCC1
lookup_table_aux.find_TCC1 proved in 0.01 real, 0.01 cpu seconds
Rerunning proof of lookup_table_aux.find_TCC2
lookup_table_aux.find_TCC2 proved in 0.01 real, 0.01 cpu seconds
Proving theory lookup_table_1d
Rerunning proof of lookup_table_1d.interpolate_TCC1
lookup_table_1d.interpolate_TCC1 proved in 0.01 real, 0.01 cpu seconds
Rerunning proof of lookup_table_1d.interpolate_TCC2
lookup_table_1d.interpolate_TCC2 proved in 0.04 real, 0.04 cpu seconds
Rerunning proof of lookup_table_1d.interpolate_TCC3
lookup_table_1d.interpolate_TCC3 proved in 0.04 real, 0.04 cpu seconds
Rerunning proof of lookup_table_1d.interpolate_TCC4
lookup_table_1d.interpolate_TCC4 proved in 0.03 real, 0.03 cpu seconds
Rerunning proof of lookup_table_1d.interpolate_TCC5
lookup_table_1d.interpolate_TCC5 proved in 0.12 real, 0.12 cpu seconds
Rerunning proof of lookup_table_1d.lookup_TCC1
lookup_table_1d.lookup_TCC1 proved in 0.31 real, 0.31 cpu seconds
Rerunning proof of lookup_table_1d.fn_helper_TCC1
lookup_table_1d.fn_helper_TCC1 proved in 0.01 real, 0.01 cpu seconds
Rerunning proof of lookup_table_1d.fn_helper_TCC2
lookup_table_1d.fn_helper_TCC2 proved in 0.09 real, 0.09 cpu seconds
Rerunning proof of lookup_table_1d.fn_helper_TCC3
lookup_table_1d.fn_helper_TCC3 proved in 0.01 real, 0.01 cpu seconds
Rerunning proof of lookup_table_1d.min_TCC1
lookup_table_1d.min_TCC1 proved in 0.01 real, 0.01 cpu seconds
Rerunning proof of lookup_table_1d.min_TCC2

 In input "fn_helper(min, tbl, i) <= tbl(i)`rhs":
  added conversion finseq_appl[entryPair[real]]
             
  to tbl, converting
     fs: finseq[entryPair[real]]
  to [below[length(fs)] -> entryPair[real]]


 In input "min(tbl(i)`rhs, fn_helper(min, tbl, i + 1)) <= tbl(1)`rhs":
  added conversion finseq_appl[entryPair[real]]
             
  to tbl, converting
     fs: finseq[entryPair[real]]
  to [below[length(fs)] -> entryPair[real]]


 In input "min(tbl(i)`rhs, fn_helper(min, tbl, i + 1)) <= tbl(1)`rhs":
  added conversion finseq_appl[entryPair[real]]
             
  to tbl, converting
     fs: finseq[entryPair[real]]
  to [below[length(fs)] -> entryPair[real]]


 In input "min(tbl(i)`rhs, fn_helper(min, tbl, i + 1)) <= tbl(1)`rhs":
  added conversion finseq_appl[entryPair[real]]
             
  to tbl, converting
     fs: finseq[entryPair[real]]
  to [below[length(fs)] -> entryPair[real]]


 In input "LAMBDA (idx: below(tbl`length)):
  EXISTS (i: subrange(tbl`length - 1 - idx, tbl`length - 1)):
    fn_helper(min, tbl, tbl`length - 1 - idx) = tbl(i)`rhs":
  added conversion finseq_appl[entryPair[real]]
             
  to tbl, converting
     fs: finseq[entryPair[real]]
  to [below[length(fs)] -> entryPair[real]]


 In input "fn_helper(min, tbl, tbl`length - 2 - jb) = tbl(tbl`length - 2 - jb)`rhs":
  added conversion finseq_appl[entryPair[real]]
             
  to tbl, converting
     fs: finseq[entryPair[real]]
  to [below[length(fs)] -> entryPair[real]]

lookup_table_1d.min_TCC2 proved in 1.30 real, 1.30 cpu seconds
Rerunning proof of lookup_table_1d.max_TCC1

 In input "fn_helper(max, tbl, i) >= tbl(i)`rhs":
  added conversion finseq_appl[entryPair[real]]
             
  to tbl, converting
     fs: finseq[entryPair[real]]
  to [below[length(fs)] -> entryPair[real]]


 In input "max(tbl(i)`rhs, fn_helper(max, tbl, i + 1)) >= tbl(1)`rhs":
  added conversion finseq_appl[entryPair[real]]
             
  to tbl, converting
     fs: finseq[entryPair[real]]
  to [below[length(fs)] -> entryPair[real]]


 In input "max(tbl(i)`rhs, fn_helper(max, tbl, i + 1)) >= tbl(1)`rhs":
  added conversion finseq_appl[entryPair[real]]
             
  to tbl, converting
     fs: finseq[entryPair[real]]
  to [below[length(fs)] -> entryPair[real]]


 In input "max(tbl(i)`rhs, fn_helper(max, tbl, i + 1)) >= tbl(1)`rhs":
  added conversion finseq_appl[entryPair[real]]
             
  to tbl, converting
     fs: finseq[entryPair[real]]
  to [below[length(fs)] -> entryPair[real]]


 In input "LAMBDA (idx: below(tbl`length)):
  EXISTS (i: subrange(tbl`length - 1 - idx, tbl`length - 1)):
    fn_helper(max, tbl, tbl`length - 1 - idx) = tbl(i)`rhs":
  added conversion finseq_appl[entryPair[real]]
             
  to tbl, converting
     fs: finseq[entryPair[real]]
  to [below[length(fs)] -> entryPair[real]]


 In input "fn_helper(max, tbl, tbl`length - 2 - jb) = tbl(tbl`length - 2 - jb)`rhs":
  added conversion finseq_appl[entryPair[real]]
             
  to tbl, converting
     fs: finseq[entryPair[real]]
  to [below[length(fs)] -> entryPair[real]]

lookup_table_1d.max_TCC1 proved in 1.30 real, 1.30 cpu seconds
Proving theory lookup_table_2d
Rerunning proof of lookup_table_2d.interpolate_TCC1
lookup_table_2d.interpolate_TCC1 proved in 0.01 real, 0.01 cpu seconds
Rerunning proof of lookup_table_2d.interpolate_TCC2
lookup_table_2d.interpolate_TCC2 proved in 0.04 real, 0.04 cpu seconds
Rerunning proof of lookup_table_2d.interpolate_TCC3
lookup_table_2d.interpolate_TCC3 proved in 0.04 real, 0.04 cpu seconds
Rerunning proof of lookup_table_2d.interpolate_TCC4
lookup_table_2d.interpolate_TCC4 proved in 0.07 real, 0.07 cpu seconds
Rerunning proof of lookup_table_2d.interpolate_TCC5
lookup_table_2d.interpolate_TCC5 proved in 0.89 real, 0.89 cpu seconds
Rerunning proof of lookup_table_2d.lookup_TCC1
lookup_table_2d.lookup_TCC1 proved in 0.54 real, 0.54 cpu seconds
Rerunning proof of lookup_table_2d.fn_helper_TCC1
lookup_table_2d.fn_helper_TCC1 proved in 0.01 real, 0.01 cpu seconds
Rerunning proof of lookup_table_2d.fn_helper_TCC2
lookup_table_2d.fn_helper_TCC2 proved in 0.12 real, 0.12 cpu seconds
Rerunning proof of lookup_table_2d.fn_helper_TCC3
lookup_table_2d.fn_helper_TCC3 proved in 0.02 real, 0.02 cpu seconds
Rerunning proof of lookup_table_2d.fn_helper_TCC4
lookup_table_2d.fn_helper_TCC4 proved in 0.06 real, 0.06 cpu seconds
Rerunning proof of lookup_table_2d.min_TCC1
lookup_table_2d.min_TCC1 proved in 0.11 real, 0.11 cpu seconds
Rerunning proof of lookup_table_2d.min_TCC2
lookup_table_2d.min_TCC2 proved in 0.01 real, 0.01 cpu seconds
Rerunning proof of lookup_table_2d.min_TCC3
***Warning: Fewer subproofs (0) than subgoals (3)
lookup_table_2d.min_TCC3 unproved in 0.46 real, 0.46 cpu seconds
Rerunning proof of lookup_table_2d.max_TCC1
***Warning: Fewer subproofs (0) than subgoals (3)
lookup_table_2d.max_TCC1 unproved in 0.46 real, 0.46 cpu seconds
Proving theory lookup_table_3d
Rerunning proof of lookup_table_3d.interpolate_TCC1
lookup_table_3d.interpolate_TCC1 proved in 0.01 real, 0.01 cpu seconds
Rerunning proof of lookup_table_3d.interpolate_TCC2
lookup_table_3d.interpolate_TCC2 proved in 0.04 real, 0.04 cpu seconds
Rerunning proof of lookup_table_3d.interpolate_TCC3
lookup_table_3d.interpolate_TCC3 proved in 0.04 real, 0.04 cpu seconds
Rerunning proof of lookup_table_3d.interpolate_TCC4
lookup_table_3d.interpolate_TCC4 proved in 0.10 real, 0.10 cpu seconds
Rerunning proof of lookup_table_3d.interpolate_TCC5
lookup_table_3d.interpolate_TCC5 proved in 1.19 real, 1.19 cpu seconds
Rerunning proof of lookup_table_3d.lookup_TCC1
lookup_table_3d.lookup_TCC1 proved in 0.78 real, 0.78 cpu seconds
Rerunning proof of lookup_table_3d.fn_helper_TCC1
lookup_table_3d.fn_helper_TCC1 proved in 0.01 real, 0.01 cpu seconds
Rerunning proof of lookup_table_3d.fn_helper_TCC2
lookup_table_3d.fn_helper_TCC2 proved in 0.16 real, 0.16 cpu seconds
Rerunning proof of lookup_table_3d.fn_helper_TCC3
lookup_table_3d.fn_helper_TCC3 proved in 0.02 real, 0.02 cpu seconds
Rerunning proof of lookup_table_3d.fn_helper_TCC4
lookup_table_3d.fn_helper_TCC4 proved in 0.09 real, 0.09 cpu seconds
Rerunning proof of lookup_table_3d.min_TCC1
lookup_table_3d.min_TCC1 proved in 0.33 real, 0.33 cpu seconds
Rerunning proof of lookup_table_3d.min_TCC2
lookup_table_3d.min_TCC2 proved in 0.32 real, 0.32 cpu seconds
Rerunning proof of lookup_table_3d.min_TCC3
lookup_table_3d.min_TCC3 proved in 0.01 real, 0.01 cpu seconds
Rerunning proof of lookup_table_3d.min_TCC4
***Warning: Fewer subproofs (0) than subgoals (3)
lookup_table_3d.min_TCC4 unproved in 0.79 real, 0.79 cpu seconds
Rerunning proof of lookup_table_3d.max_TCC1
***Warning: Fewer subproofs (0) than subgoals (3)
lookup_table_3d.max_TCC1 unproved in 0.80 real, 0.80 cpu seconds
Proving theory lookup_table_examples
Rerunning proof of lookup_table_examples.t1d_TCC1
lookup_table_examples.t1d_TCC1 proved in 0.29 real, 0.29 cpu seconds
Rerunning proof of lookup_table_examples.min_test_1d
lookup_table_examples.min_test_1d proved in 0.16 real, 0.16 cpu seconds
Rerunning proof of lookup_table_examples.t1_TCC1
lookup_table_examples.t1_TCC1 proved in 0.45 real, 0.45 cpu seconds
Rerunning proof of lookup_table_examples.t2_TCC1
lookup_table_examples.t2_TCC1 proved in 0.46 real, 0.46 cpu seconds
Rerunning proof of lookup_table_examples.t2d_TCC1
lookup_table_examples.t2d_TCC1 proved in 1.36 real, 1.36 cpu seconds
Rerunning proof of lookup_table_examples.max_test_2d
lookup_table_examples.max_test_2d proved in 0.70 real, 0.70 cpu seconds


 Proof summary for theory top
    Theory totals: 0 formulas, 0 attempted, 0 succeeded (0.00 s)

 Proof summary for theory lookup_table_aux
    lookup_table_TCC1.....................proved - complete   [shostak](0.02 s)
    lookup_table_TCC2.....................proved - complete   [shostak](0.00 s)
    half_TCC1.............................proved - complete   [shostak](0.85 s)
    half_TCC2.............................proved - complete   [shostak](0.15 s)
    interval_TCC1.........................proved - complete   [shostak](0.12 s)
    index_TCC1............................proved - complete   [shostak](0.01 s)
    index_TCC2............................proved - complete   [shostak](0.02 s)
    index_TCC3............................proved - complete   [shostak](0.17 s)
    search_TCC1...........................proved - complete   [shostak](0.01 s)
    search_TCC2...........................proved - complete   [shostak](0.02 s)
    search_TCC3...........................proved - complete   [shostak](0.21 s)
    search_TCC4...........................proved - complete   [shostak](0.13 s)
    search_TCC5...........................proved - complete   [shostak](0.58 s)
    search_TCC6...........................proved - complete   [shostak](0.14 s)
    search_TCC7...........................proved - complete   [shostak](0.47 s)
    search_TCC8...........................proved - complete   [shostak](1.17 s)
    search_TCC9...........................proved - complete   [shostak](0.51 s)
    search_TCC10..........................proved - complete   [shostak](0.48 s)
    search_TCC11..........................proved - complete   [shostak](0.13 s)
    search_TCC12..........................proved - complete   [shostak](0.72 s)
    search_TCC13..........................proved - complete   [shostak](0.23 s)
    search_TCC14..........................proved - complete   [shostak](0.14 s)
    find_TCC1.............................proved - complete   [shostak](0.01 s)
    find_TCC2.............................proved - complete   [shostak](0.01 s)
    Theory totals: 24 formulas, 24 attempted, 24 succeeded (6.30 s)

 Proof summary for theory lookup_table_1d
    interpolate_TCC1......................proved - complete   [shostak](0.01 s)
    interpolate_TCC2......................proved - complete   [shostak](0.04 s)
    interpolate_TCC3......................proved - complete   [shostak](0.04 s)
    interpolate_TCC4......................proved - complete   [shostak](0.03 s)
    interpolate_TCC5......................proved - complete   [shostak](0.12 s)
    lookup_TCC1...........................proved - complete   [shostak](0.31 s)
    fn_helper_TCC1........................proved - complete   [shostak](0.01 s)
    fn_helper_TCC2........................proved - complete   [shostak](0.09 s)
    fn_helper_TCC3........................proved - complete   [shostak](0.01 s)
    min_TCC1..............................proved - complete   [shostak](0.01 s)
    min_TCC2..............................proved - complete   [shostak](1.30 s)
    max_TCC1..............................proved - complete   [shostak](1.30 s)
    Theory totals: 12 formulas, 12 attempted, 12 succeeded (3.26 s)

 Proof summary for theory lookup_table_2d
    interpolate_TCC1......................proved - complete   [shostak](0.01 s)
    interpolate_TCC2......................proved - complete   [shostak](0.04 s)
    interpolate_TCC3......................proved - complete   [shostak](0.04 s)
    interpolate_TCC4......................proved - complete   [shostak](0.07 s)
    interpolate_TCC5......................proved - complete   [shostak](0.89 s)
    lookup_TCC1...........................proved - complete   [shostak](0.54 s)
    fn_helper_TCC1........................proved - complete   [shostak](0.01 s)
    fn_helper_TCC2........................proved - complete   [shostak](0.12 s)
    fn_helper_TCC3........................proved - complete   [shostak](0.02 s)
    fn_helper_TCC4........................proved - complete   [shostak](0.05 s)
    min_TCC1..............................proved - complete   [shostak](0.11 s)
    min_TCC2..............................proved - complete   [shostak](0.01 s)
    min_TCC3..............................unfinished          [shostak](0.46 s)
    max_TCC1..............................unfinished          [shostak](0.46 s)
    Theory totals: 14 formulas, 14 attempted, 12 succeeded (2.82 s)

 Proof summary for theory lookup_table_3d
    interpolate_TCC1......................proved - complete   [shostak](0.01 s)
    interpolate_TCC2......................proved - complete   [shostak](0.04 s)
    interpolate_TCC3......................proved - complete   [shostak](0.04 s)
    interpolate_TCC4......................proved - complete   [shostak](0.10 s)
    interpolate_TCC5......................proved - complete   [shostak](1.19 s)
    lookup_TCC1...........................proved - complete   [shostak](0.78 s)
    fn_helper_TCC1........................proved - complete   [shostak](0.01 s)
    fn_helper_TCC2........................proved - complete   [shostak](0.16 s)
    fn_helper_TCC3........................proved - complete   [shostak](0.02 s)
    fn_helper_TCC4........................proved - complete   [shostak](0.09 s)
    min_TCC1..............................proved - complete   [shostak](0.33 s)
    min_TCC2..............................proved - complete   [shostak](0.32 s)
    min_TCC3..............................proved - complete   [shostak](0.00 s)
    min_TCC4..............................unfinished          [shostak](0.79 s)
    max_TCC1..............................unfinished          [shostak](0.80 s)
    Theory totals: 15 formulas, 15 attempted, 13 succeeded (4.68 s)

 Proof summary for theory lookup_table_examples
    t1d_TCC1..............................proved - complete   [shostak](0.29 s)
    min_test_1d...........................proved - complete   [shostak](0.16 s)
    t1_TCC1...............................proved - complete   [shostak](0.45 s)
    t2_TCC1...............................proved - complete   [shostak](0.46 s)
    t2d_TCC1..............................proved - complete   [shostak](1.36 s)
    max_test_2d...........................proved - incomplete [shostak](0.70 s)
    Theory totals: 6 formulas, 6 attempted, 6 succeeded (3.41 s)

Grand Totals: 71 proofs, 71 attempted, 67 succeeded (20.48 s)
Context file /Users/Dependable/Tools/PVS-lib/ext2/.pvscontext written