emacs does not support X; running in terminal mode
International Allegro CL Enterprise Edition
10.0 [64-bit Mac OS X (Intel) *SMP*] (Feb 2, 2016 19:02)
Copyright (C) 1985-2015, Franz Inc., Oakland, CA, USA.  All Rights Reserved.

This dynamic runtime copy of Allegro CL was built by:
   [TC21719] SRI International

;; Optimization settings: safety 1, space 1, speed 3, debug 1.
;; For a complete description of all compiler switches given the
;; current optimization settings evaluate (explain-compiler-settings).
;;---
;; Current reader case mode: :case-sensitive-lower
; Fast loading
;    /Users/Dependable/Tools/pvs/pvs-patches/patch-20160316.n64fasl

*** 
*** top (9:50:8 5/25/2016)
*** Generated by proveit - ProofLite-6.0.10 (xx/xx/xx)
*** 
Context changed to /Users/Dependable/Tools/PVS-lib/extensions/
Parsing top
top parsed in 0.02 seconds
Typechecking top
Parsing lookup_table_1d
lookup_table_1d parsed in 0.03 seconds
Typechecking lookup_table_1d

 LET/WHERE variable interp at line 21, col 10 is given type
  real from its value expression.


 LET/WHERE variable min at line 22, col 10 is given type
  {p: real | p <= data`y1 AND p <= data`y2} from its value expression.


 LET/WHERE variable max at line 23, col 10 is given type
  {p: real | p >= data`y1 AND p >= data`y2} from its value expression.


 LET/WHERE variable interp at line 29, col 10 is given type
  real from its value expression.


 LET/WHERE variable min at line 30, col 10 is given type
  {p: real | p <= data`y1 AND p <= data`y2} from its value expression.


 LET/WHERE variable max at line 31, col 10 is given type
  {p: real | p >= data`y1 AND p >= data`y2} from its value expression.

lookup_table_1d typechecked in 0.16s: 1 TCC, 0 proved, 0 subsumed, 1 unproved; 6 msgs
Parsing lookup_table_2d
lookup_table_2d parsed in 0.03 seconds
Typechecking lookup_table_2d

 LET/WHERE variable val at line 46, col 10 is given type
  real from its value expression.


 LET/WHERE variable min at line 47, col 10 is given type
  real from its value expression.


 LET/WHERE variable max at line 48, col 10 is given type
  real from its value expression.


 LET/WHERE variable val at line 54, col 10 is given type
  real from its value expression.


 LET/WHERE variable min at line 55, col 10 is given type
  real from its value expression.


 LET/WHERE variable max at line 56, col 10 is given type
  real from its value expression.

lookup_table_2d typechecked in 0.12s: No TCCs generated; 6 msgs
Parsing lookup_table_3d
lookup_table_3d parsed in 0.04 seconds
Typechecking lookup_table_3d

 LET/WHERE variable val at line 73, col 10 is given type
  real from its value expression.


 LET/WHERE variable min at line 74, col 10 is given type
  real from its value expression.


 LET/WHERE variable max at line 76, col 10 is given type
  real from its value expression.


 LET/WHERE variable val at line 83, col 10 is given type
  real from its value expression.


 LET/WHERE variable min at line 84, col 10 is given type
  real from its value expression.


 LET/WHERE variable max at line 86, col 10 is given type
  real from its value expression.

lookup_table_3d typechecked in 0.13s: No TCCs generated; 6 msgs
Parsing queue
queue parsed in 0.01 seconds
Typechecking queue
Parsing list_props_aux
list_props_aux parsed in 0.00 seconds
Typechecking list_props_aux
list_props_aux typechecked in 0.02s: No TCCs generated
Saving bin file for theory list_props_aux
Saving list_props_aux
Context file /Users/Dependable/Tools/nasalib-github/while/.pvscontext written
queue typechecked in 0.08s: 3 TCCs, 0 proved, 0 subsumed, 3 unproved
Parsing nbit_ints
nbit_ints parsed in 0.06 seconds
Typechecking nbit_ints
nbit_ints typechecked in 0.26s: 31 TCCs, 0 proved, 3 subsumed, 28 unproved
top typechecked in 0.95s: No TCCs generated
Saving bin file for theory lookup_table_3d
Saving lookup_table_3d
Saving bin file for theory nbit_ints
Saving nbit_ints
Saving bin file for theory queue
Saving queue
Saving bin file for theory lookup_table_2d
Saving lookup_table_2d
Saving bin file for theory top
Saving top
Saving bin file for theory lookup_table_1d
Saving lookup_table_1d
Context file /Users/Dependable/Tools/PVS-lib/extensions/.pvscontext written
; Loading /Users/Dependable/Tools/PVS-lib/extensions/pvs-strategies

Defining label-hide. 
Defining label-hide$. 
Defining replace-hidden. 
Defining replace-hidden$. 
Defining mca. 
Defining mca$. 
Proving theory top
Proving theory lookup_table_1d
Rerunning proof of lookup_table_1d.interpolate_1d_TCC1
lookup_table_1d.interpolate_1d_TCC1 proved in 0.05 real, 0.05 cpu seconds
Rerunning proof of lookup_table_1d.oneD_interpolate_interpolates  
b1 & b2 & b3 & ~(b4?b5 & b6:b7 & b8) | 1;
 Formula amounts to 9 BDD nodes.

MU simplification took 0.01 real, 0.01 cpu seconds
model-checking took 0.07 real, 0.05 cpu seconds total
model-checking took 0.07 real, 0.05 cpu seconds total
model-checking took 0.07 real, 0.05 cpu seconds total
model-checking took 0.07 real, 0.05 cpu seconds total
Proving lookup_table_1d.oneD_interpolate_interpolates.
Proving lookup_table_1d.oneD_interpolate_interpolates..;;; GC:;;; Finished GC

Proving lookup_table_1d.oneD_interpolate_interpolates...
Proving lookup_table_1d.oneD_interpolate_interpolates....
lookup_table_1d.oneD_interpolate_interpolates proved in 14.80 real, 14.80 cpu seconds
Rerunning proof of lookup_table_1d.oneD_interp_or_clipping_implies_bounds
lookup_table_1d.oneD_interp_or_clipping_implies_bounds proved in 0.27 real, 0.27 cpu seconds
Proving theory lookup_table_2d
Rerunning proof of lookup_table_2d.interpolate_2d_interpolates
Proving lookup_table_2d.interpolate_2d_interpolates.
Proving lookup_table_2d.interpolate_2d_interpolates..
Proving lookup_table_2d.interpolate_2d_interpolates...
Proving lookup_table_2d.interpolate_2d_interpolates....
lookup_table_2d.interpolate_2d_interpolates proved in 10.94 real, 10.94 cpu seconds
Rerunning proof of lookup_table_2d.interp_or_clip_2d_implies_bounds
Proving lookup_table_2d.interp_or_clip_2d_implies_bounds.
lookup_table_2d.interp_or_clip_2d_implies_bounds proved in 2.68 real, 2.68 cpu seconds
Proving theory lookup_table_3d
Rerunning proof of lookup_table_3d.interpolate_3d_interpolates
Proving lookup_table_3d.interpolate_3d_interpolates.
Proving lookup_table_3d.interpolate_3d_interpolates..
Proving lookup_table_3d.interpolate_3d_interpolates...
Proving lookup_table_3d.interpolate_3d_interpolates....;;; GC:;;; Finished GC

Proving lookup_table_3d.interpolate_3d_interpolates.....
Proving lookup_table_3d.interpolate_3d_interpolates......
Proving lookup_table_3d.interpolate_3d_interpolates.......
Proving lookup_table_3d.interpolate_3d_interpolates........
Proving lookup_table_3d.interpolate_3d_interpolates.........
Proving lookup_table_3d.interpolate_3d_interpolates..........
Proving lookup_table_3d.interpolate_3d_interpolates...........
Proving lookup_table_3d.interpolate_3d_interpolates............
Proving lookup_table_3d.interpolate_3d_interpolates.............
Proving lookup_table_3d.interpolate_3d_interpolates..............
Proving lookup_table_3d.interpolate_3d_interpolates...............;;; GC:;;; Finished GC

Proving lookup_table_3d.interpolate_3d_interpolates................
Proving lookup_table_3d.interpolate_3d_interpolates.................
Proving lookup_table_3d.interpolate_3d_interpolates..................
Proving lookup_table_3d.interpolate_3d_interpolates...................
Proving lookup_table_3d.interpolate_3d_interpolates....................
Proving lookup_table_3d.interpolate_3d_interpolates.....................
Proving lookup_table_3d.interpolate_3d_interpolates......................
Proving lookup_table_3d.interpolate_3d_interpolates.......................
Proving lookup_table_3d.interpolate_3d_interpolates........................
Proving lookup_table_3d.interpolate_3d_interpolates.........................;;; GC:;;; Finished GC

Proving lookup_table_3d.interpolate_3d_interpolates..........................
Proving lookup_table_3d.interpolate_3d_interpolates...........................
Proving lookup_table_3d.interpolate_3d_interpolates............................
Proving lookup_table_3d.interpolate_3d_interpolates.............................
Proving lookup_table_3d.interpolate_3d_interpolates..............................
Proving lookup_table_3d.interpolate_3d_interpolates...............................
Proving lookup_table_3d.interpolate_3d_interpolates................................
Proving lookup_table_3d.interpolate_3d_interpolates.................................
Proving lookup_table_3d.interpolate_3d_interpolates..................................
Proving lookup_table_3d.interpolate_3d_interpolates...................................
Proving lookup_table_3d.interpolate_3d_interpolates....................................
Proving lookup_table_3d.interpolate_3d_interpolates.....................................
Proving lookup_table_3d.interpolate_3d_interpolates......................................
Proving lookup_table_3d.interpolate_3d_interpolates.......................................
Proving lookup_table_3d.interpolate_3d_interpolates........................................
Proving lookup_table_3d.interpolate_3d_interpolates.........................................;;; GC:;;; Finished GC

Proving lookup_table_3d.interpolate_3d_interpolates..........................................
Proving lookup_table_3d.interpolate_3d_interpolates...........................................
Proving lookup_table_3d.interpolate_3d_interpolates............................................
Proving lookup_table_3d.interpolate_3d_interpolates.............................................
Proving lookup_table_3d.interpolate_3d_interpolates..............................................
Proving lookup_table_3d.interpolate_3d_interpolates...............................................
lookup_table_3d.interpolate_3d_interpolates proved in 129.79 real, 129.79 cpu seconds
Rerunning proof of lookup_table_3d.interp_or_clip_3d_implies_bounds
Proving lookup_table_3d.interp_or_clip_3d_implies_bounds.
Proving lookup_table_3d.interp_or_clip_3d_implies_bounds..
Proving lookup_table_3d.interp_or_clip_3d_implies_bounds...;;; GC:;;; Finished GC

Proving lookup_table_3d.interp_or_clip_3d_implies_bounds....
Proving lookup_table_3d.interp_or_clip_3d_implies_bounds.....
Proving lookup_table_3d.interp_or_clip_3d_implies_bounds......
Proving lookup_table_3d.interp_or_clip_3d_implies_bounds.......
Proving lookup_table_3d.interp_or_clip_3d_implies_bounds........
Proving lookup_table_3d.interp_or_clip_3d_implies_bounds.........
Proving lookup_table_3d.interp_or_clip_3d_implies_bounds..........
Proving lookup_table_3d.interp_or_clip_3d_implies_bounds...........;;; GC:;;; Finished GC

Proving lookup_table_3d.interp_or_clip_3d_implies_bounds............
Proving lookup_table_3d.interp_or_clip_3d_implies_bounds.............
Proving lookup_table_3d.interp_or_clip_3d_implies_bounds..............
Proving lookup_table_3d.interp_or_clip_3d_implies_bounds...............
Proving lookup_table_3d.interp_or_clip_3d_implies_bounds................
Proving lookup_table_3d.interp_or_clip_3d_implies_bounds.................
Proving lookup_table_3d.interp_or_clip_3d_implies_bounds..................
Proving lookup_table_3d.interp_or_clip_3d_implies_bounds...................
lookup_table_3d.interp_or_clip_3d_implies_bounds proved in 73.17 real, 73.17 cpu seconds
Proving theory queue
Rerunning proof of queue.enqueue_TCC1
Using instance
  while@list_props_aux[T].append_is_null
Using instance
  list_props[T].member_null
queue.enqueue_TCC1 proved in 0.04 real, 0.04 cpu seconds
Rerunning proof of queue.head_TCC1
queue.head_TCC1 proved in 0.07 real, 0.07 cpu seconds
Rerunning proof of queue.dequeue_TCC1
queue.dequeue_TCC1 proved in 0.00 real, 0.00 cpu seconds
Rerunning proof of queue.enqueue2_has_first_item_head
queue.enqueue2_has_first_item_head proved in 0.02 real, 0.02 cpu seconds
Rerunning proof of queue.enqueue2_dequeue1_has_second_item_list
queue.enqueue2_dequeue1_has_second_item_list proved in 0.01 real, 0.01 cpu seconds
Rerunning proof of queue.poslength_implies_notnull
queue.poslength_implies_notnull proved in 0.03 real, 0.03 cpu seconds
Proving theory nbit_ints
Rerunning proof of nbit_ints.min_int_TCC1
nbit_ints.min_int_TCC1 proved in 0.05 real, 0.05 cpu seconds
Rerunning proof of nbit_ints.max_int_TCC1
nbit_ints.max_int_TCC1 proved in 0.37 real, 0.37 cpu seconds
Rerunning proof of nbit_ints.max_nnint_TCC1
nbit_ints.max_nnint_TCC1 proved in 0.35 real, 0.35 cpu seconds
Rerunning proof of nbit_ints.max_int_aux
nbit_ints.max_int_aux proved in 0.01 real, 0.01 cpu seconds
Rerunning proof of nbit_ints.max_nnint_aux
nbit_ints.max_nnint_aux proved in 0.21 real, 0.21 cpu seconds
Rerunning proof of nbit_ints.nbit_int?_TCC1
nbit_ints.nbit_int?_TCC1 proved in 0.01 real, 0.01 cpu seconds
Rerunning proof of nbit_ints.nbit_int_TCC1
nbit_ints.nbit_int_TCC1 proved in 0.20 real, 0.20 cpu seconds
Rerunning proof of nbit_ints.nz_nbit_int_TCC1
nbit_ints.nz_nbit_int_TCC1 proved in 0.23 real, 0.23 cpu seconds
Rerunning proof of nbit_ints.nn_nbit_int_TCC1
nbit_ints.nn_nbit_int_TCC1 proved in 0.26 real, 0.26 cpu seconds
Rerunning proof of nbit_ints.pos_nbit_int_TCC1
nbit_ints.pos_nbit_int_TCC1 proved in 0.28 real, 0.28 cpu seconds
Rerunning proof of nbit_ints.int8_TCC1
nbit_ints.int8_TCC1 proved in 0.36 real, 0.36 cpu seconds
Rerunning proof of nbit_ints.nzint8_TCC1
nbit_ints.nzint8_TCC1 proved in 0.37 real, 0.37 cpu seconds
Rerunning proof of nbit_ints.nnint8_TCC1
nbit_ints.nnint8_TCC1 proved in 0.35 real, 0.35 cpu seconds
Rerunning proof of nbit_ints.posint8_TCC1
nbit_ints.posint8_TCC1 proved in 0.34 real, 0.34 cpu seconds
Rerunning proof of nbit_ints.int16_TCC1
nbit_ints.int16_TCC1 proved in 0.44 real, 0.44 cpu seconds
Rerunning proof of nbit_ints.nzint16_TCC1
nbit_ints.nzint16_TCC1 proved in 0.43 real, 0.43 cpu seconds
Rerunning proof of nbit_ints.nnint16_TCC1
nbit_ints.nnint16_TCC1 proved in 0.46 real, 0.46 cpu seconds
Rerunning proof of nbit_ints.posint16_TCC1
nbit_ints.posint16_TCC1 proved in 0.46 real, 0.46 cpu seconds
Rerunning proof of nbit_ints.int24_TCC1
nbit_ints.int24_TCC1 proved in 0.61 real, 0.61 cpu seconds
Rerunning proof of nbit_ints.nzint24_TCC1
nbit_ints.nzint24_TCC1 proved in 0.60 real, 0.60 cpu seconds
Rerunning proof of nbit_ints.nnint24_TCC1
nbit_ints.nnint24_TCC1 proved in 0.62 real, 0.62 cpu seconds
Rerunning proof of nbit_ints.posint24_TCC1
nbit_ints.posint24_TCC1 proved in 0.64 real, 0.64 cpu seconds
Rerunning proof of nbit_ints.int32_TCC1
nbit_ints.int32_TCC1 proved in 0.80 real, 0.80 cpu seconds
Rerunning proof of nbit_ints.nzint32_TCC1
nbit_ints.nzint32_TCC1 proved in 0.79 real, 0.79 cpu seconds
Rerunning proof of nbit_ints.nnint32_TCC1
nbit_ints.nnint32_TCC1 proved in 0.82 real, 0.82 cpu seconds
Rerunning proof of nbit_ints.posint32_TCC1
nbit_ints.posint32_TCC1 proved in 0.82 real, 0.82 cpu seconds
Rerunning proof of nbit_ints.int64_TCC1
nbit_ints.int64_TCC1 proved in 1.69 real, 1.69 cpu seconds
Rerunning proof of nbit_ints.nzint64_TCC1
nbit_ints.nzint64_TCC1 proved in 1.69 real, 1.69 cpu seconds
Rerunning proof of nbit_ints.nnint64_TCC1
nbit_ints.nnint64_TCC1 proved in 1.72 real, 1.72 cpu seconds
Rerunning proof of nbit_ints.posint64_TCC1
nbit_ints.posint64_TCC1 proved in 1.71 real, 1.71 cpu seconds


 Proof summary for theory top
    Theory totals: 0 formulas, 0 attempted, 0 succeeded (0.00 s)

 Proof summary for theory lookup_table_1d
    interpolate_1d_TCC1..................proved - complete   [shostak]( 0.05 s)
    oneD_interpolate_interpolates........proved - complete   [shostak](14.80 s)
    oneD_interp_or_clipping_implies_bounds...proved - complete   [shostak]( 0.27 s)
    Theory totals: 3 formulas, 3 attempted, 3 succeeded (15.12 s)

 Proof summary for theory lookup_table_2d
    interpolate_2d_interpolates..........proved - complete   [shostak](10.94 s)
    interp_or_clip_2d_implies_bounds.....proved - complete   [shostak]( 2.68 s)
    Theory totals: 2 formulas, 2 attempted, 2 succeeded (13.61 s)

 Proof summary for theory lookup_table_3d
    interpolate_3d_interpolates.........proved - complete   [shostak](129.79 s)
    interp_or_clip_3d_implies_bounds....proved - complete   [shostak]( 73.17 s)
    Theory totals: 2 formulas, 2 attempted, 2 succeeded (202.96 s)

 Proof summary for theory queue
    enqueue_TCC1..........................proved - incomplete [shostak](0.04 s)
    head_TCC1.............................proved - complete   [shostak](0.07 s)
    dequeue_TCC1..........................proved - complete   [shostak](0.00 s)
    enqueue2_has_first_item_head..........proved - incomplete [shostak](0.02 s)
    enqueue2_dequeue1_has_second_item_list...proved - incomplete [shostak](0.01 s)
    poslength_implies_notnull.............proved - complete   [shostak](0.03 s)
    Theory totals: 6 formulas, 6 attempted, 6 succeeded (0.16 s)

 Proof summary for theory nbit_ints
    min_int_TCC1..........................proved - complete   [shostak](0.05 s)
    max_int_TCC1..........................proved - complete   [shostak](0.37 s)
    max_nnint_TCC1........................proved - complete   [shostak](0.35 s)
    max_int_aux...........................proved - complete   [shostak](0.01 s)
    max_nnint_aux.........................proved - complete   [shostak](0.21 s)
    nbit_int?_TCC1........................proved - complete   [shostak](0.01 s)
    nbit_int_TCC1.........................proved - complete   [shostak](0.20 s)
    nz_nbit_int_TCC1......................proved - complete   [shostak](0.22 s)
    nn_nbit_int_TCC1......................proved - complete   [shostak](0.26 s)
    pos_nbit_int_TCC1.....................proved - complete   [shostak](0.28 s)
    int8_TCC1.............................proved - complete   [shostak](0.36 s)
    nzint8_TCC1...........................proved - complete   [shostak](0.37 s)
    nnint8_TCC1...........................proved - complete   [shostak](0.34 s)
    posint8_TCC1..........................proved - complete   [shostak](0.34 s)
    int16_TCC1............................proved - complete   [shostak](0.44 s)
    nzint16_TCC1..........................proved - complete   [shostak](0.43 s)
    nnint16_TCC1..........................proved - complete   [shostak](0.46 s)
    posint16_TCC1.........................proved - complete   [shostak](0.46 s)
    int24_TCC1............................proved - complete   [shostak](0.61 s)
    nzint24_TCC1..........................proved - complete   [shostak](0.60 s)
    nnint24_TCC1..........................proved - complete   [shostak](0.62 s)
    posint24_TCC1.........................proved - complete   [shostak](0.64 s)
    int32_TCC1............................proved - complete   [shostak](0.80 s)
    nzint32_TCC1..........................proved - complete   [shostak](0.79 s)
    nnint32_TCC1..........................proved - complete   [shostak](0.82 s)
    posint32_TCC1.........................proved - complete   [shostak](0.82 s)
    int64_TCC1............................proved - complete   [shostak](1.69 s)
    nzint64_TCC1..........................proved - complete   [shostak](1.68 s)
    nnint64_TCC1..........................proved - complete   [shostak](1.72 s)
    posint64_TCC1.........................proved - complete   [shostak](1.71 s)
    Theory totals: 30 formulas, 30 attempted, 30 succeeded (17.66 s)

Grand Totals: 43 proofs, 43 attempted, 43 succeeded (249.52 s)
Context file /Users/Dependable/Tools/PVS-lib/extensions/.pvscontext written