emacs does not support X; running in terminal mode
International Allegro CL Enterprise Edition
10.0 [64-bit Mac OS X (Intel) *SMP*] (Feb 2, 2016 19:02)
Copyright (C) 1985-2015, Franz Inc., Oakland, CA, USA.  All Rights Reserved.

This dynamic runtime copy of Allegro CL was built by:
   [TC21719] SRI International

;; Optimization settings: safety 1, space 1, speed 3, debug 1.
;; For a complete description of all compiler switches given the
;; current optimization settings evaluate (explain-compiler-settings).
;;---
;; Current reader case mode: :case-sensitive-lower
; Fast loading
;    /Users/Dependable/Tools/pvs/pvs-patches/patch-20160316.n64fasl
; Fast loading
;    /Users/Dependable/Tools/nasalib/pvs-patches/patch-20170220.n64fasl
; Fast loading
;    /Users/Dependable/Tools/nasalib/pvs-patches/patch-20170302.n64fasl
; Fast loading /Users/benjaminhocking/.pvs.n64fasl

*** 
*** top (14:8:40 4/12/2017)
*** Generated by proveit - ProofLite-6.0.10 (xx/xx/xx)
*** 
Context changed to /Users/Dependable/Tools/dcpvslib/integers/
Parsing top
top parsed in 0.00 seconds
Typechecking top
Parsing types
types parsed in 0.03 seconds
Typechecking types
types typechecked in 0.16s: 18 TCCs, 0 proved, 0 subsumed, 18 unproved
top typechecked in 0.19s: No TCCs generated
Saving bin file for theory types
Saving types
Saving bin file for theory top
Saving top
Context file /Users/Dependable/Tools/dcpvslib/integers/.pvscontext written
Proving theory top
Proving theory types
Rerunning proof of types.int8_TCC1
types.int8_TCC1 proved in 0.05 real, 0.05 cpu seconds
Rerunning proof of types.nzint8_TCC1
types.nzint8_TCC1 proved in 0.03 real, 0.03 cpu seconds
Rerunning proof of types.nnint8_TCC1
types.nnint8_TCC1 proved in 0.01 real, 0.01 cpu seconds
Rerunning proof of types.posint8_TCC1
types.posint8_TCC1 proved in 0.01 real, 0.01 cpu seconds
Rerunning proof of types.npint8_TCC1
types.npint8_TCC1 proved in 0.03 real, 0.03 cpu seconds
Rerunning proof of types.negint8_TCC1
types.negint8_TCC1 proved in 0.03 real, 0.03 cpu seconds
Rerunning proof of types.int16_TCC1
types.int16_TCC1 proved in 0.02 real, 0.02 cpu seconds
Rerunning proof of types.nzint16_TCC1
types.nzint16_TCC1 proved in 0.03 real, 0.03 cpu seconds
Rerunning proof of types.nnint16_TCC1
types.nnint16_TCC1 proved in 0.01 real, 0.01 cpu seconds
Rerunning proof of types.posint16_TCC1
types.posint16_TCC1 proved in 0.01 real, 0.01 cpu seconds
Rerunning proof of types.npint16_TCC1
types.npint16_TCC1 proved in 0.03 real, 0.03 cpu seconds
Rerunning proof of types.negint16_TCC1
types.negint16_TCC1 proved in 0.03 real, 0.03 cpu seconds
Rerunning proof of types.int32_TCC1
types.int32_TCC1 proved in 0.03 real, 0.03 cpu seconds
Rerunning proof of types.nzint32_TCC1
types.nzint32_TCC1 proved in 0.03 real, 0.03 cpu seconds
Rerunning proof of types.nnint32_TCC1
types.nnint32_TCC1 proved in 0.01 real, 0.01 cpu seconds
Rerunning proof of types.posint32_TCC1
types.posint32_TCC1 proved in 0.01 real, 0.01 cpu seconds
Rerunning proof of types.npint32_TCC1
types.npint32_TCC1 proved in 0.03 real, 0.03 cpu seconds
Rerunning proof of types.negint32_TCC1
types.negint32_TCC1 proved in 0.03 real, 0.03 cpu seconds


 Proof summary for theory top
    Theory totals: 0 formulas, 0 attempted, 0 succeeded (0.00 s)

 Proof summary for theory types
    int8_TCC1.............................proved - complete   [shostak](0.05 s)
    nzint8_TCC1...........................proved - complete   [shostak](0.03 s)
    nnint8_TCC1...........................proved - complete   [shostak](0.01 s)
    posint8_TCC1..........................proved - complete   [shostak](0.01 s)
    npint8_TCC1...........................proved - complete   [shostak](0.03 s)
    negint8_TCC1..........................proved - complete   [shostak](0.03 s)
    int16_TCC1............................proved - complete   [shostak](0.02 s)
    nzint16_TCC1..........................proved - complete   [shostak](0.03 s)
    nnint16_TCC1..........................proved - complete   [shostak](0.01 s)
    posint16_TCC1.........................proved - complete   [shostak](0.01 s)
    npint16_TCC1..........................proved - complete   [shostak](0.03 s)
    negint16_TCC1.........................proved - complete   [shostak](0.03 s)
    int32_TCC1............................proved - complete   [shostak](0.03 s)
    nzint32_TCC1..........................proved - complete   [shostak](0.03 s)
    nnint32_TCC1..........................proved - complete   [shostak](0.01 s)
    posint32_TCC1.........................proved - complete   [shostak](0.01 s)
    npint32_TCC1..........................proved - complete   [shostak](0.03 s)
    negint32_TCC1.........................proved - complete   [shostak](0.03 s)
    Theory totals: 18 formulas, 18 attempted, 18 succeeded (0.44 s)

Grand Totals: 18 proofs, 18 attempted, 18 succeeded (0.43 s)
Context file /Users/Dependable/Tools/dcpvslib/integers/.pvscontext written